[ 2013-09-30T08:25:07+08:00 ] 124.234.52.227 /
INFO: [ app_begin ] --START--
INFO: ReadHtmlCache Behavior ::run [ RunTime:0.009254s ]
INFO: [ app_begin ] --END-- [ RunTime:0.009392s ]
INFO: [ view_parse ] --START--
INFO: ParseTemplate Behavior ::run [ RunTime:0.059907s ]
INFO: [ view_parse ] --END-- [ RunTime:0.060045s ]
INFO: [ view_filter ] --START--
NOTIC: [8] Use of undefined constant APP_TMPL_PATH - assumed 'APP_TMPL_PATH' C:\home\ftp\x\xbkt\wwwroot\ThinkPHP\Lib\Behavior\ContentReplaceBehavior.class.php 第 40 行.
NOTIC: [8] Use of undefined constant APP_TMPL_PATH - assumed 'APP_TMPL_PATH' C:\home\ftp\x\xbkt\wwwroot\ThinkPHP\Lib\Behavior\ContentReplaceBehavior.class.php 第 47 行.
INFO: ContentReplace Behavior ::run [ RunTime:0.007472s ]
INFO: TokenBuild Behavior ::run [ RunTime:0.006976s ]
INFO: WriteHtmlCache Behavior ::run [ RunTime:0.007304s ]
INFO: ShowRuntime Behavior ::run [ RunTime:0.007103s ]
INFO: [ view_filter ] --END-- [ RunTime:0.029107s ]
INFO: [ view_end ] --START--
INFO: ShowPageTrace Behavior ::run [ RunTime:0.007848s ]
INFO: [ view_end ] --END-- [ RunTime:0.007964s ]

[ 2013-09-30T08:31:59+08:00 ] 124.234.52.227 /
INFO: [ app_begin ] --START--
INFO: ReadHtmlCache Behavior ::run [ RunTime:0.007317s ]
INFO: [ app_begin ] --END-- [ RunTime:0.007437s ]
INFO: [ view_parse ] --START--
INFO: ParseTemplate Behavior ::run [ RunTime:0.011923s ]
INFO: [ view_parse ] --END-- [ RunTime:0.012026s ]
INFO: [ view_filter ] --START--
NOTIC: [8] Use of undefined constant APP_TMPL_PATH - assumed 'APP_TMPL_PATH' C:\home\ftp\x\xbkt\wwwroot\ThinkPHP\Lib\Behavior\ContentReplaceBehavior.class.php 第 40 行.
NOTIC: [8] Use of undefined constant APP_TMPL_PATH - assumed 'APP_TMPL_PATH' C:\home\ftp\x\xbkt\wwwroot\ThinkPHP\Lib\Behavior\ContentReplaceBehavior.class.php 第 47 行.
INFO: ContentReplace Behavior ::run [ RunTime:0.007167s ]
INFO: TokenBuild Behavior ::run [ RunTime:0.007246s ]
INFO: WriteHtmlCache Behavior ::run [ RunTime:0.006790s ]
INFO: ShowRuntime Behavior ::run [ RunTime:0.007619s ]
INFO: [ view_filter ] --END-- [ RunTime:0.029088s ]
INFO: [ view_end ] --START--
INFO: ShowPageTrace Behavior ::run [ RunTime:0.007319s ]
INFO: [ view_end ] --END-- [ RunTime:0.007411s ]

[ 2013-09-30T09:06:50+08:00 ] 124.234.52.227 /
INFO: [ app_begin ] --START--
INFO: ReadHtmlCache Behavior ::run [ RunTime:0.007215s ]
INFO: [ app_begin ] --END-- [ RunTime:0.007352s ]

[ 2013-09-30T09:07:32+08:00 ] 124.234.52.227 /
INFO: [ app_begin ] --START--
INFO: ReadHtmlCache Behavior ::run [ RunTime:0.002267s ]
INFO: [ app_begin ] --END-- [ RunTime:0.002385s ]

[ 2013-09-30T09:18:41+08:00 ] 124.234.52.227 /
INFO: [ app_begin ] --START--
INFO: ReadHtmlCache Behavior ::run [ RunTime:0.007245s ]
INFO: [ app_begin ] --END-- [ RunTime:0.007378s ]

[ 2013-09-30T09:18:59+08:00 ] 124.234.52.227 /
INFO: [ app_begin ] --START--
INFO: ReadHtmlCache Behavior ::run [ RunTime:0.002172s ]
INFO: [ app_begin ] --END-- [ RunTime:0.002285s ]

[ 2013-09-30T09:19:05+08:00 ] 124.234.52.227 /index.php/a/3
INFO: [ route_check ] --START--
INFO: CheckRoute Behavior ::run [ RunTime:0.008074s ]
INFO: [ route_check ] --END-- [ RunTime:0.008200s ]
INFO: [ app_begin ] --START--
INFO: ReadHtmlCache Behavior ::run [ RunTime:0.002273s ]
INFO: [ app_begin ] --END-- [ RunTime:0.002366s ]
ERR: 无法加载模块:a

[ 2013-09-30T09:19:07+08:00 ] 124.234.52.227 /
INFO: [ app_begin ] --START--
INFO: ReadHtmlCache Behavior ::run [ RunTime:0.002184s ]
INFO: [ app_begin ] --END-- [ RunTime:0.002303s ]

[ 2013-09-30T09:19:15+08:00 ] 124.234.52.227 /index.php?m=a
INFO: [ app_begin ] --START--
INFO: ReadHtmlCache Behavior ::run [ RunTime:0.002267s ]
INFO: [ app_begin ] --END-- [ RunTime:0.002377s ]
ERR: 无法加载模块:a

[ 2013-09-30T09:19:18+08:00 ] 124.234.52.227 /
INFO: [ app_begin ] --START--
INFO: ReadHtmlCache Behavior ::run [ RunTime:0.002272s ]
INFO: [ app_begin ] --END-- [ RunTime:0.002386s ]

[ 2013-09-30T09:19:39+08:00 ] 124.234.52.227 /index.php?m=1&s=2
INFO: [ route_check ] --START--
INFO: CheckRoute Behavior ::run [ RunTime:0.002670s ]
INFO: [ route_check ] --END-- [ RunTime:0.002791s ]
INFO: [ app_begin ] --START--
INFO: ReadHtmlCache Behavior ::run [ RunTime:0.002258s ]
INFO: [ app_begin ] --END-- [ RunTime:0.002350s ]
NOTIC: [8] Undefined variable: group C:\home\ftp\x\xbkt\wwwroot\ThinkPHP\Lib\Core\App.class.php 第 95 行.
ERR: 无法加载模块:1

[ 2013-09-30T09:20:17+08:00 ] 124.234.52.227 /index.php/home/
INFO: [ route_check ] --START--
INFO: CheckRoute Behavior ::run [ RunTime:0.002561s ]
INFO: [ route_check ] --END-- [ RunTime:0.002682s ]
INFO: [ app_begin ] --START--
INFO: ReadHtmlCache Behavior ::run [ RunTime:0.002245s ]
INFO: [ app_begin ] --END-- [ RunTime:0.002337s ]
ERR: 无法加载模块:home

[ 2013-09-30T09:21:25+08:00 ] 124.234.52.227 /index.php/home/
INFO: [ route_check ] --START--
INFO: CheckRoute Behavior ::run [ RunTime:0.007620s ]
INFO: [ route_check ] --END-- [ RunTime:0.007739s ]
INFO: [ app_begin ] --START--
INFO: ReadHtmlCache Behavior ::run [ RunTime:0.007690s ]
INFO: [ app_begin ] --END-- [ RunTime:0.007786s ]
ERR: 无法加载模块:home

[ 2013-09-30T09:21:30+08:00 ] 124.234.52.227 /
INFO: [ app_begin ] --START--
INFO: ReadHtmlCache Behavior ::run [ RunTime:0.002167s ]
INFO: [ app_begin ] --END-- [ RunTime:0.002280s ]

[ 2013-09-30T09:22:52+08:00 ] 124.234.52.227 /
INFO: [ app_begin ] --START--
INFO: ReadHtmlCache Behavior ::run [ RunTime:0.002267s ]
INFO: [ app_begin ] --END-- [ RunTime:0.002383s ]

[ 2013-09-30T09:25:05+08:00 ] 124.234.52.227 /index.php
INFO: [ app_begin ] --START--
INFO: ReadHtmlCache Behavior ::run [ RunTime:0.007280s ]
INFO: [ app_begin ] --END-- [ RunTime:0.007403s ]

[ 2013-09-30T10:16:39+08:00 ] 124.234.52.227 /index.php/Show/abc
INFO: [ route_check ] --START--
INFO: CheckRoute Behavior ::run [ RunTime:0.009172s ]
INFO: [ route_check ] --END-- [ RunTime:0.009342s ]
INFO: [ app_begin ] --START--
INFO: ReadHtmlCache Behavior ::run [ RunTime:0.008833s ]
INFO: [ app_begin ] --END-- [ RunTime:0.008970s ]
ERR: 无法加载模块:Show

[ 2013-09-30T10:16:44+08:00 ] 124.234.52.227 /index.php/Show/abc
INFO: [ route_check ] --START--
INFO: CheckRoute Behavior ::run [ RunTime:0.008170s ]
INFO: [ route_check ] --END-- [ RunTime:0.008318s ]
INFO: [ app_begin ] --START--
INFO: ReadHtmlCache Behavior ::run [ RunTime:0.007871s ]
INFO: [ app_begin ] --END-- [ RunTime:0.007994s ]
ERR: 无法加载模块:Show

[ 2013-09-30T10:16:47+08:00 ] 124.234.52.227 /index.php/
INFO: [ route_check ] --START--
INFO: CheckRoute Behavior ::run [ RunTime:0.002730s ]
INFO: [ route_check ] --END-- [ RunTime:0.002854s ]
INFO: [ app_begin ] --START--
INFO: ReadHtmlCache Behavior ::run [ RunTime:0.002346s ]
INFO: [ app_begin ] --END-- [ RunTime:0.002440s ]

[ 2013-09-30T10:19:35+08:00 ] 124.234.52.227 /index.php/Show/abc
INFO: [ route_check ] --START--
INFO: CheckRoute Behavior ::run [ RunTime:0.007969s ]
INFO: [ route_check ] --END-- [ RunTime:0.008096s ]
INFO: [ app_begin ] --START--
INFO: ReadHtmlCache Behavior ::run [ RunTime:0.007529s ]
INFO: [ app_begin ] --END-- [ RunTime:0.007624s ]
ERR: 无法加载模块:Show

[ 2013-09-30T10:19:46+08:00 ] 124.234.52.227 /index.php?m=Show&a=abc
INFO: [ app_begin ] --START--
INFO: ReadHtmlCache Behavior ::run [ RunTime:0.002255s ]
INFO: [ app_begin ] --END-- [ RunTime:0.002375s ]
ERR: 无法加载模块:Show

[ 2013-09-30T10:20:01+08:00 ] 124.234.52.227 /index.php?m=Index&a=index
INFO: [ app_begin ] --START--
INFO: ReadHtmlCache Behavior ::run [ RunTime:0.002304s ]
INFO: [ app_begin ] --END-- [ RunTime:0.002426s ]

[ 2013-09-30T10:20:48+08:00 ] 124.234.52.227 /index.php?m=Index&a=delete
INFO: [ app_begin ] --START--
INFO: ReadHtmlCache Behavior ::run [ RunTime:0.002327s ]
INFO: [ app_begin ] --END-- [ RunTime:0.002447s ]

[ 2013-09-30T10:22:21+08:00 ] 124.234.52.227 /index.php/Show/abc
INFO: [ route_check ] --START--
INFO: CheckRoute Behavior ::run [ RunTime:0.008408s ]
INFO: [ route_check ] --END-- [ RunTime:0.008536s ]
INFO: [ app_begin ] --START--
INFO: ReadHtmlCache Behavior ::run [ RunTime:0.007879s ]
INFO: [ app_begin ] --END-- [ RunTime:0.007975s ]

[ 2013-09-30T10:22:26+08:00 ] 124.234.52.227 /index.php/Show
INFO: [ route_check ] --START--
INFO: CheckRoute Behavior ::run [ RunTime:0.002711s ]
INFO: [ route_check ] --END-- [ RunTime:0.002839s ]
INFO: [ app_begin ] --START--
INFO: ReadHtmlCache Behavior ::run [ RunTime:0.002221s ]
INFO: [ app_begin ] --END-- [ RunTime:0.002312s ]

[ 2013-09-30T12:26:55+08:00 ] 124.234.52.227 /index.php/Show
INFO: [ route_check ] --START--
INFO: CheckRoute Behavior ::run [ RunTime:0.007694s ]
INFO: [ route_check ] --END-- [ RunTime:0.007843s ]
INFO: [ app_begin ] --START--
INFO: ReadHtmlCache Behavior ::run [ RunTime:0.007881s ]
INFO: [ app_begin ] --END-- [ RunTime:0.008002s ]

[ 2013-09-30T12:27:23+08:00 ] 124.234.52.227 /index.php/Show
INFO: [ route_check ] --START--
INFO: CheckRoute Behavior ::run [ RunTime:0.002730s ]
INFO: [ route_check ] --END-- [ RunTime:0.002849s ]
INFO: [ app_begin ] --START--
INFO: ReadHtmlCache Behavior ::run [ RunTime:0.002295s ]
INFO: [ app_begin ] --END-- [ RunTime:0.002388s ]

[ 2013-09-30T12:27:30+08:00 ] 124.234.52.227 /index.php/Show/abc
INFO: [ route_check ] --START--
INFO: CheckRoute Behavior ::run [ RunTime:0.002623s ]
INFO: [ route_check ] --END-- [ RunTime:0.002753s ]
INFO: [ app_begin ] --START--
INFO: ReadHtmlCache Behavior ::run [ RunTime:0.002247s ]
INFO: [ app_begin ] --END-- [ RunTime:0.002339s ]

[ 2013-09-30T17:17:51+08:00 ] 124.234.52.227 /
INFO: [ app_begin ] --START--
INFO: ReadHtmlCache Behavior ::run [ RunTime:0.007911s ]
INFO: [ app_begin ] --END-- [ RunTime:0.008047s ]

